0 info it worked if it ends with ok
1 verbose cli [ 'C:\\Program Files\\nodejs\\node.exe',
1 verbose cli   'C:\\Users\\benjamin.petersen\\AppData\\Roaming\\npm\\node_modules\\npm\\bin\\npm-cli.js',
1 verbose cli   'start' ]
2 info using npm@4.1.1
3 info using node@v4.4.4
4 verbose run-script [ 'prestart', 'start', 'poststart' ]
5 info lifecycle lego-dimensions-tracker@1.0.0~prestart: lego-dimensions-tracker@1.0.0
6 silly lifecycle lego-dimensions-tracker@1.0.0~prestart: no script for prestart, continuing
7 info lifecycle lego-dimensions-tracker@1.0.0~start: lego-dimensions-tracker@1.0.0
8 verbose lifecycle lego-dimensions-tracker@1.0.0~start: unsafe-perm in lifecycle true
9 verbose lifecycle lego-dimensions-tracker@1.0.0~start: PATH: C:\Users\benjamin.petersen\AppData\Roaming\npm\node_modules\npm\bin\node-gyp-bin;C:\Projects\GitHub\LegoDimensionsTracker_Angular\node_modules\.bin;C:\Program Files\cmder\bin;C:\Program Files\cmder\vendor\conemu-maximus5\ConEmu\Scripts;C:\Program Files\cmder\vendor\conemu-maximus5;C:\Program Files\cmder\vendor\conemu-maximus5\ConEmu;C:\Windows\system32;C:\Windows;C:\Windows\System32\Wbem;C:\Windows\System32\WindowsPowerShell\v1.0\;C:\Program Files (x86)\Enterprise Vault\EVClient\;C:\Program Files\TortoiseHg\;C:\Program Files\TortoiseSVN\bin;C:\Program Files\Microsoft\Web Platform Installer\;C:\Program Files (x86)\Microsoft ASP.NET\ASP.NET Web Pages\v1.0\;C:\Program Files (x86)\Windows Kits\8.0\Windows Performance Toolkit\;C:\Program Files\Microsoft SQL Server\110\Tools\Binn\;C:\Common\DLL;C:\Program Files\Git\cmd;C:\Program Files\Git\mingw64\bin;C:\Program Files\Git\usr\bin;C:\Program Files\nodejs\;C:\Users\benjamin.petersen\AppData\Roaming\npm;C:\ProgramData\benjamin.petersen\Code\bin;C:\Program Files\Git\usr\bin;C:\Program Files\Git\usr\share\vim\vim74;C:\Program Files\cmder\
10 verbose lifecycle lego-dimensions-tracker@1.0.0~start: CWD: C:\Projects\GitHub\LegoDimensionsTracker_Angular
11 silly lifecycle lego-dimensions-tracker@1.0.0~start: Args: [ '/d /s /c', 'tsc && concurrently "tsc -w" "lite-server" ' ]
12 silly lifecycle lego-dimensions-tracker@1.0.0~start: Returned: code: 2  signal: null
13 info lifecycle lego-dimensions-tracker@1.0.0~start: Failed to exec start script
14 verbose stack Error: lego-dimensions-tracker@1.0.0 start: `tsc && concurrently "tsc -w" "lite-server" `
14 verbose stack Exit status 2
14 verbose stack     at EventEmitter.<anonymous> (C:\Users\benjamin.petersen\AppData\Roaming\npm\node_modules\npm\lib\utils\lifecycle.js:279:16)
14 verbose stack     at emitTwo (events.js:87:13)
14 verbose stack     at EventEmitter.emit (events.js:172:7)
14 verbose stack     at ChildProcess.<anonymous> (C:\Users\benjamin.petersen\AppData\Roaming\npm\node_modules\npm\lib\utils\spawn.js:40:14)
14 verbose stack     at emitTwo (events.js:87:13)
14 verbose stack     at ChildProcess.emit (events.js:172:7)
14 verbose stack     at maybeClose (internal/child_process.js:827:16)
14 verbose stack     at Process.ChildProcess._handle.onexit (internal/child_process.js:211:5)
15 verbose pkgid lego-dimensions-tracker@1.0.0
16 verbose cwd C:\Projects\GitHub\LegoDimensionsTracker_Angular
17 error Windows_NT 6.1.7601
18 error argv "C:\\Program Files\\nodejs\\node.exe" "C:\\Users\\benjamin.petersen\\AppData\\Roaming\\npm\\node_modules\\npm\\bin\\npm-cli.js" "start"
19 error node v4.4.4
20 error npm  v4.1.1
21 error code ELIFECYCLE
22 error lego-dimensions-tracker@1.0.0 start: `tsc && concurrently "tsc -w" "lite-server" `
22 error Exit status 2
23 error Failed at the lego-dimensions-tracker@1.0.0 start script 'tsc && concurrently "tsc -w" "lite-server" '.
23 error Make sure you have the latest version of node.js and npm installed.
23 error If you do, this is most likely a problem with the lego-dimensions-tracker package,
23 error not with npm itself.
23 error Tell the author that this fails on your system:
23 error     tsc && concurrently "tsc -w" "lite-server"
23 error You can get information on how to open an issue for this project with:
23 error     npm bugs lego-dimensions-tracker
23 error Or if that isn't available, you can get their info via:
23 error     npm owner ls lego-dimensions-tracker
23 error There is likely additional logging output above.
24 verbose exit [ 1, true ]
